Using pre-set license
Built from '2021.3/release' branch; Version is '2021.3.17f1 (3e8111cac19d) revision 4096273'; Using compiler version '192829333'; Build Type 'Release'
OS: 'Windows 11  (10.0.22621) 64bit Core' Language: 'en' Physical Memory: 32469 MB
BatchMode: 1, IsHumanControllingUs: 0, StartBugReporterOnCrash: 0, Is64bit: 1, IsPro: 1

COMMAND LINE ARGUMENTS:
C:\Program Files\Unity\Hub\Editor\2021.3.17f1\Editor\Unity.exe
-adb2
-batchMode
-noUpm
-name
AssetImportWorker0
-projectPath
C:/Users/benja/OneDrive/Desktop/Text Game
-logFile
Logs/AssetImportWorker0.log
-srvPort
50608
Successfully changed project path to: C:/Users/benja/OneDrive/Desktop/Text Game
C:/Users/benja/OneDrive/Desktop/Text Game
[UnityMemory] Configuration Parameters - Can be set up in boot.config
    "memorysetup-bucket-allocator-granularity=16"
    "memorysetup-bucket-allocator-bucket-count=8"
    "memorysetup-bucket-allocator-block-size=33554432"
    "memorysetup-bucket-allocator-block-count=8"
    "memorysetup-main-allocator-block-size=16777216"
    "memorysetup-thread-allocator-block-size=16777216"
    "memorysetup-gfx-main-allocator-block-size=16777216"
    "memorysetup-gfx-thread-allocator-block-size=16777216"
    "memorysetup-cache-allocator-block-size=4194304"
    "memorysetup-typetree-allocator-block-size=2097152"
    "memorysetup-profiler-bucket-allocator-granularity=16"
    "memorysetup-profiler-bucket-allocator-bucket-count=8"
    "memorysetup-profiler-bucket-allocator-block-size=33554432"
    "memorysetup-profiler-bucket-allocator-block-count=8"
    "memorysetup-profiler-allocator-block-size=16777216"
    "memorysetup-profiler-editor-allocator-block-size=1048576"
    "memorysetup-temp-allocator-size-main=16777216"
    "memorysetup-job-temp-allocator-block-size=2097152"
    "memorysetup-job-temp-allocator-block-size-background=1048576"
    "memorysetup-job-temp-allocator-reduction-small-platforms=262144"
    "memorysetup-temp-allocator-size-background-worker=32768"
    "memorysetup-temp-allocator-size-job-worker=262144"
    "memorysetup-temp-allocator-size-preload-manager=33554432"
    "memorysetup-temp-allocator-size-nav-mesh-worker=65536"
    "memorysetup-temp-allocator-size-audio-worker=65536"
    "memorysetup-temp-allocator-size-cloud-worker=32768"
    "memorysetup-temp-allocator-size-gi-baking-worker=262144"
    "memorysetup-temp-allocator-size-gfx=262144"
Player connection [15340] Host "[IP] 25.14.226.177 [Port] 0 [Flags] 2 [Guid] 1123637620 [EditorId] 1123637620 [Version] 1048832 [Id] WindowsEditor(7,MSI) [Debug] 1 [PackageName] WindowsEditor [ProjectName] Editor" joined multi-casting on [225.0.0.222:54997]...

Player connection [15340] Host "[IP] 25.14.226.177 [Port] 0 [Flags] 2 [Guid] 1123637620 [EditorId] 1123637620 [Version] 1048832 [Id] WindowsEditor(7,MSI) [Debug] 1 [PackageName] WindowsEditor [ProjectName] Editor" joined alternative multi-casting on [225.0.0.222:34997]...

Refreshing native plugins compatible for Editor in 89.01 ms, found 4 plugins.
Preloading 0 native plugins for Editor in 0.00 ms.
Initialize engine version: 2021.3.17f1 (3e8111cac19d)
[Subsystems] Discovering subsystems at path C:/Program Files/Unity/Hub/Editor/2021.3.17f1/Editor/Data/Resources/UnitySubsystems
[Subsystems] Discovering subsystems at path C:/Users/benja/OneDrive/Desktop/Text Game/Assets
GfxDevice: creating device client; threaded=0; jobified=0
Direct3D:
    Version:  Direct3D 11.0 [level 11.1]
    Renderer: NVIDIA GeForce RTX 3060 Laptop GPU (ID=0x2520)
    Vendor:   NVIDIA
    VRAM:     6009 MB
    Driver:   31.0.15.2802
Initialize mono
Mono path[0] = 'C:/Program Files/Unity/Hub/Editor/2021.3.17f1/Editor/Data/Managed'
Mono path[1] = 'C:/Program Files/Unity/Hub/Editor/2021.3.17f1/Editor/Data/MonoBleedingEdge/lib/mono/unityjit-win32'
Mono config path = 'C:/Program Files/Unity/Hub/Editor/2021.3.17f1/Editor/Data/MonoBleedingEdge/etc'
Using monoOptions --debugger-agent=transport=dt_socket,embedding=1,server=y,suspend=n,address=127.0.0.1:56504
Begin MonoManager ReloadAssembly
Registering precompiled unity dll's ...
Register platform support module: C:/Program Files/Unity/Hub/Editor/2021.3.17f1/Editor/Data/PlaybackEngines/WebGLSupport/UnityEditor.WebGL.Extensions.dll
Register platform support module: C:/Program Files/Unity/Hub/Editor/2021.3.17f1/Editor/Data/PlaybackEngines/WindowsStandaloneSupport/UnityEditor.WindowsStandalone.Extensions.dll
Registered in 0.005010 seconds.
Native extension for WindowsStandalone target not found
Native extension for WebGL target not found
Refreshing native plugins compatible for Editor in 91.81 ms, found 4 plugins.
Preloading 0 native plugins for Editor in 0.00 ms.
Mono: successfully reloaded assembly
- Completed reload, in  0.710 seconds
Domain Reload Profiling:
	ReloadAssembly (710ms)
		BeginReloadAssembly (74ms)
			ExecutionOrderSort (0ms)
			DisableScriptedObjects (0ms)
			BackupInstance (0ms)
			ReleaseScriptingObjects (0ms)
			CreateAndSetChildDomain (1ms)
		EndReloadAssembly (513ms)
			LoadAssemblies (73ms)
			RebuildTransferFunctionScriptingTraits (0ms)
			SetupTypeCache (169ms)
			ReleaseScriptCaches (0ms)
			RebuildScriptCaches (31ms)
			SetupLoadedEditorAssemblies (259ms)
				LogAssemblyErrors (0ms)
				InitializePlatformSupportModulesInManaged (8ms)
				SetLoadedEditorAssemblies (0ms)
				RefreshPlugins (92ms)
				BeforeProcessingInitializeOnLoad (1ms)
				ProcessInitializeOnLoadAttributes (116ms)
				ProcessInitializeOnLoadMethodAttributes (42ms)
				AfterProcessingInitializeOnLoad (0ms)
				EditorAssembliesLoaded (0ms)
			ExecutionOrderSort2 (0ms)
			AwakeInstancesAfterBackupRestoration (0ms)
Platform modules already initialized, skipping
Registering precompiled user dll's ...
Registered in 0.006398 seconds.
Begin MonoManager ReloadAssembly
Symbol file LoadedFromMemory doesn't match image C:\Users\benja\OneDrive\Desktop\Text Game\Library\PackageCache\com.unity.visualscripting@1.8.0\Editor\VisualScripting.Core\Dependencies\YamlDotNet\Unity.VisualScripting.YamlDotNet.dll
Symbol file LoadedFromMemory doesn't match image C:\Users\benja\OneDrive\Desktop\Text Game\Library\PackageCache\com.unity.visualscripting@1.8.0\Editor\VisualScripting.Core\Dependencies\DotNetZip\Unity.VisualScripting.IonicZip.dll
Native extension for WindowsStandalone target not found
Native extension for WebGL target not found
Refreshing native plugins compatible for Editor in 80.66 ms, found 4 plugins.
Preloading 0 native plugins for Editor in 0.00 ms.
Mono: successfully reloaded assembly
- Completed reload, in  1.062 seconds
Domain Reload Profiling:
	ReloadAssembly (1062ms)
		BeginReloadAssembly (121ms)
			ExecutionOrderSort (0ms)
			DisableScriptedObjects (9ms)
			BackupInstance (0ms)
			ReleaseScriptingObjects (0ms)
			CreateAndSetChildDomain (21ms)
		EndReloadAssembly (792ms)
			LoadAssemblies (88ms)
			RebuildTransferFunctionScriptingTraits (0ms)
			SetupTypeCache (213ms)
			ReleaseScriptCaches (1ms)
			RebuildScriptCaches (52ms)
			SetupLoadedEditorAssemblies (410ms)
				LogAssemblyErrors (0ms)
				InitializePlatformSupportModulesInManaged (4ms)
				SetLoadedEditorAssemblies (0ms)
				RefreshPlugins (81ms)
				BeforeProcessingInitializeOnLoad (81ms)
				ProcessInitializeOnLoadAttributes (200ms)
				ProcessInitializeOnLoadMethodAttributes (39ms)
				AfterProcessingInitializeOnLoad (4ms)
				EditorAssembliesLoaded (0ms)
			ExecutionOrderSort2 (0ms)
			AwakeInstancesAfterBackupRestoration (5ms)
Platform modules already initialized, skipping
========================================================================
Worker process is ready to serve import requests
Launched and connected shader compiler UnityShaderCompiler.exe after 0.03 seconds
Refreshing native plugins compatible for Editor in 0.76 ms, found 4 plugins.
Preloading 0 native plugins for Editor in 0.00 ms.
Unloading 4148 Unused Serialized files (Serialized files now loaded: 0)
Unloading 38 unused Assets / (56.1 KB). Loaded Objects now: 4605.
Memory consumption went from 155.7 MB to 155.6 MB.
Total: 3.391800 ms (FindLiveObjects: 0.352100 ms CreateObjectMapping: 0.143200 ms MarkObjects: 2.774500 ms  DeleteObjects: 0.120500 ms)

AssetImportParameters requested are different than current active one (requested -> active):
  custom:video-decoder-ogg-theora: a1e56fd34408186e4bbccfd4996cb3dc -> 
  custom:container-muxer-webm: aa71ff27fc2769a1b78a27578f13a17b -> 
  custom:container-demuxer-webm: 4f35f7cbe854078d1ac9338744f61a02 -> 
  custom:video-encoder-webm-vp8: eb34c28f22e8b96e1ab97ce403110664 -> 
  custom:audio-encoder-webm-vorbis: bf7c407c2cedff20999df2af8eb42d56 -> 
  custom:framework-win-MediaFoundation: 216162199b28c13a410421893ffa2e32 -> 
  custom:container-demuxer-ogg: 62fdf1f143b41e24485cea50d1cbac27 -> 
  custom:video-decoder-webm-vp8: 9c59270c3fd7afecdb556c50c9e8de78 -> 
  custom:audio-decoder-ogg-vorbis: bf7c407c2cedff20999df2af8eb42d56 -> 
========================================================================
Received Import Request.
  Time since last request: 145423.266152 seconds.
  path: Assets/States/Security.asset
  artifactKey: Guid(0f0fb85d49b9c244ca9e5fe7bd4ad738) Importer(815301076,1909f56bfc062723c751e8b465ee728b)
Start importing Assets/States/Security.asset using Guid(0f0fb85d49b9c244ca9e5fe7bd4ad738) Importer(815301076,1909f56bfc062723c751e8b465ee728b)  -> (artifact id: 'ed25491494881374457b3fcc0f3c4f61') in 0.032702 seconds 
========================================================================
Received Import Request.
  Time since last request: 0.000027 seconds.
  path: Assets/States/Ballroom.asset
  artifactKey: Guid(ed9b93494422e814081dac63ecda08d4) Importer(815301076,1909f56bfc062723c751e8b465ee728b)
Start importing Assets/States/Ballroom.asset using Guid(ed9b93494422e814081dac63ecda08d4) Importer(815301076,1909f56bfc062723c751e8b465ee728b)  -> (artifact id: '12ad60e33e31ebf0125ae14ae06a50b7') in 0.007719 seconds 
========================================================================
Received Import Request.
  Time since last request: 0.000045 seconds.
  path: Assets/States/Start.asset
  artifactKey: Guid(fb0d1130ea22dfb46b46c6f791f4e6b6) Importer(815301076,1909f56bfc062723c751e8b465ee728b)
Start importing Assets/States/Start.asset using Guid(fb0d1130ea22dfb46b46c6f791f4e6b6) Importer(815301076,1909f56bfc062723c751e8b465ee728b)  -> (artifact id: 'b77bf7ed1182ce11bbea076dc53b52e0') in 0.007478 seconds 
========================================================================
Received Import Request.
  Time since last request: 264.864736 seconds.
  path: Assets/States/Suspect1.asset
  artifactKey: Guid(d27e888de15f22546b3ae6a008b4da75) Importer(815301076,1909f56bfc062723c751e8b465ee728b)
Start importing Assets/States/Suspect1.asset using Guid(d27e888de15f22546b3ae6a008b4da75) Importer(815301076,1909f56bfc062723c751e8b465ee728b)  -> (artifact id: 'e4925d732508a4cb84c9739244b3e7aa') in 0.006040 seconds 
========================================================================
Received Import Request.
  Time since last request: 19.122353 seconds.
  path: Assets/States/Suspect2.asset
  artifactKey: Guid(52bad37fa33a45644aa9bee63bd57ee3) Importer(815301076,1909f56bfc062723c751e8b465ee728b)
Start importing Assets/States/Suspect2.asset using Guid(52bad37fa33a45644aa9bee63bd57ee3) Importer(815301076,1909f56bfc062723c751e8b465ee728b)  -> (artifact id: '75fc0ef7cba2b1a7ad424fc6aaf16f1d') in 0.005671 seconds 
========================================================================
Received Import Request.
  Time since last request: 403.501246 seconds.
  path: Assets/States/Business.asset
  artifactKey: Guid(12d142bb1c9b8c045a246cadff2a89e1) Importer(815301076,1909f56bfc062723c751e8b465ee728b)
Start importing Assets/States/Business.asset using Guid(12d142bb1c9b8c045a246cadff2a89e1) Importer(815301076,1909f56bfc062723c751e8b465ee728b)  -> (artifact id: '4a3f99c44ff8175c6a7f1096468309b4') in 0.005660 seconds 
========================================================================
Received Import Request.
  Time since last request: 235.035855 seconds.
  path: Assets/States/FinishMission.asset
  artifactKey: Guid(e6a1ec04ed311cb429dd2699ae05e801) Importer(815301076,1909f56bfc062723c751e8b465ee728b)
Start importing Assets/States/FinishMission.asset using Guid(e6a1ec04ed311cb429dd2699ae05e801) Importer(815301076,1909f56bfc062723c751e8b465ee728b)  -> (artifact id: 'ef69f9ff2d0ba8d5c6ab8805f7294f1c') in 0.005465 seconds 
========================================================================
Received Import Request.
  Time since last request: 14.350578 seconds.
  path: Assets/States/TakeOffer.asset
  artifactKey: Guid(cbc47442387010f469b4718cf68268c0) Importer(815301076,1909f56bfc062723c751e8b465ee728b)
Start importing Assets/States/TakeOffer.asset using Guid(cbc47442387010f469b4718cf68268c0) Importer(815301076,1909f56bfc062723c751e8b465ee728b)  -> (artifact id: '8ce816362ae14928487ca263d498cc1b') in 0.005915 seconds 
========================================================================
Received Import Request.
  Time since last request: 1866.088395 seconds.
  path: Assets/States/Ending2.asset
  artifactKey: Guid(76aa20ef36f8e8b47998fd87d223d3db) Importer(815301076,1909f56bfc062723c751e8b465ee728b)
Start importing Assets/States/Ending2.asset using Guid(76aa20ef36f8e8b47998fd87d223d3db) Importer(815301076,1909f56bfc062723c751e8b465ee728b)  -> (artifact id: 'b5f6abaca129eeddffe8c12ee8ea2643') in 0.007004 seconds 
========================================================================
Received Import Request.
  Time since last request: 282.220205 seconds.
  path: Assets/States/LookAround.asset
  artifactKey: Guid(920569d608c5baa4498bb425ac8ae880) Importer(815301076,1909f56bfc062723c751e8b465ee728b)
Start importing Assets/States/LookAround.asset using Guid(920569d608c5baa4498bb425ac8ae880) Importer(815301076,1909f56bfc062723c751e8b465ee728b)  -> (artifact id: '253c40ad6e7ca8fde20a39d6dd84fde9') in 0.006019 seconds 
========================================================================
Received Import Request.
  Time since last request: 196.534476 seconds.
  path: Assets/States/Office.asset
  artifactKey: Guid(067ae5ce208142f4aa431701f5ded390) Importer(815301076,1909f56bfc062723c751e8b465ee728b)
Start importing Assets/States/Office.asset using Guid(067ae5ce208142f4aa431701f5ded390) Importer(815301076,1909f56bfc062723c751e8b465ee728b)  -> (artifact id: '14f085a2321167b08cc860848a51b615') in 0.006912 seconds 
========================================================================
Received Import Request.
  Time since last request: 132.646992 seconds.
  path: Assets/States/Rummage.asset
  artifactKey: Guid(0b675ca2536e90e42af86f96ac5d098b) Importer(815301076,1909f56bfc062723c751e8b465ee728b)
Start importing Assets/States/Rummage.asset using Guid(0b675ca2536e90e42af86f96ac5d098b) Importer(815301076,1909f56bfc062723c751e8b465ee728b)  -> (artifact id: 'c076564a8bdd275ffe82ef6c9e2e796c') in 0.006913 seconds 
========================================================================
Received Import Request.
  Time since last request: 62.249491 seconds.
  path: Assets/States/TheDisc.asset
  artifactKey: Guid(732a26aad84f5724f9123119fab1d973) Importer(815301076,1909f56bfc062723c751e8b465ee728b)
Start importing Assets/States/TheDisc.asset using Guid(732a26aad84f5724f9123119fab1d973) Importer(815301076,1909f56bfc062723c751e8b465ee728b)  -> (artifact id: 'fc3674fd812283463f184146fc5f51e8') in 0.007073 seconds 
========================================================================
Received Import Request.
  Time since last request: 80.509122 seconds.
  path: Assets/States/Ending3.asset
  artifactKey: Guid(fe7bcc0afa225cf40bc9b52e8cff4693) Importer(815301076,1909f56bfc062723c751e8b465ee728b)
Start importing Assets/States/Ending3.asset using Guid(fe7bcc0afa225cf40bc9b52e8cff4693) Importer(815301076,1909f56bfc062723c751e8b465ee728b)  -> (artifact id: 'eaf07921aaacd2a3a6fb00d3a9ec4d8c') in 0.006909 seconds 
========================================================================
Received Import Request.
  Time since last request: 76.398634 seconds.
  path: Assets/States/Ending4.asset
  artifactKey: Guid(22ed4e44a250e374c8f2a45e0ec6c178) Importer(815301076,1909f56bfc062723c751e8b465ee728b)
Start importing Assets/States/Ending4.asset using Guid(22ed4e44a250e374c8f2a45e0ec6c178) Importer(815301076,1909f56bfc062723c751e8b465ee728b)  -> (artifact id: '94a22457b70769c069a32740bf413d65') in 0.008496 seconds 
========================================================================
Received Import Request.
  Time since last request: 165.875917 seconds.
  path: Assets/States/AskAround.asset
  artifactKey: Guid(f409008a1c74bd64dbda2abf823df14e) Importer(815301076,1909f56bfc062723c751e8b465ee728b)
Start importing Assets/States/AskAround.asset using Guid(f409008a1c74bd64dbda2abf823df14e) Importer(815301076,1909f56bfc062723c751e8b465ee728b)  -> (artifact id: '765ef8d44e4a447b60260cd8a13bb432') in 0.012796 seconds 
========================================================================
Received Import Request.
  Time since last request: 0.003204 seconds.
  path: Assets/States/Ending2.asset
  artifactKey: Guid(76aa20ef36f8e8b47998fd87d223d3db) Importer(815301076,1909f56bfc062723c751e8b465ee728b)
Start importing Assets/States/Ending2.asset using Guid(76aa20ef36f8e8b47998fd87d223d3db) Importer(815301076,1909f56bfc062723c751e8b465ee728b)  -> (artifact id: '201a088ff3adf57fc521aa54fc40cae7') in 0.006452 seconds 
========================================================================
Received Import Request.
  Time since last request: 0.000019 seconds.
  path: Assets/States/Office.asset
  artifactKey: Guid(067ae5ce208142f4aa431701f5ded390) Importer(815301076,1909f56bfc062723c751e8b465ee728b)
Start importing Assets/States/Office.asset using Guid(067ae5ce208142f4aa431701f5ded390) Importer(815301076,1909f56bfc062723c751e8b465ee728b)  -> (artifact id: '6bff0177a7a1a25ebf981b0ccdecf95c') in 0.006550 seconds 
========================================================================
Received Import Request.
  Time since last request: 0.000043 seconds.
  path: Assets/States/TakeOffer.asset
  artifactKey: Guid(cbc47442387010f469b4718cf68268c0) Importer(815301076,1909f56bfc062723c751e8b465ee728b)
Start importing Assets/States/TakeOffer.asset using Guid(cbc47442387010f469b4718cf68268c0) Importer(815301076,1909f56bfc062723c751e8b465ee728b)  -> (artifact id: '55525351419e39f86a703c7c6dc3c61e') in 0.010769 seconds 
========================================================================
Received Import Request.
  Time since last request: 0.000026 seconds.
  path: Assets/States/FinishMission.asset
  artifactKey: Guid(e6a1ec04ed311cb429dd2699ae05e801) Importer(815301076,1909f56bfc062723c751e8b465ee728b)
Start importing Assets/States/FinishMission.asset using Guid(e6a1ec04ed311cb429dd2699ae05e801) Importer(815301076,1909f56bfc062723c751e8b465ee728b)  -> (artifact id: '2ab9fb6db04a27f6dd33ec719b0a0ba3') in 0.004736 seconds 
========================================================================
Received Import Request.
  Time since last request: 0.000031 seconds.
  path: Assets/States/Ending4.asset
  artifactKey: Guid(22ed4e44a250e374c8f2a45e0ec6c178) Importer(815301076,1909f56bfc062723c751e8b465ee728b)
Start importing Assets/States/Ending4.asset using Guid(22ed4e44a250e374c8f2a45e0ec6c178) Importer(815301076,1909f56bfc062723c751e8b465ee728b)  -> (artifact id: '57559ecb35e3f604bc0978677090c04d') in 0.006250 seconds 
========================================================================
Received Import Request.
  Time since last request: 0.000019 seconds.
  path: Assets/States/Suspect2.asset
  artifactKey: Guid(52bad37fa33a45644aa9bee63bd57ee3) Importer(815301076,1909f56bfc062723c751e8b465ee728b)
Start importing Assets/States/Suspect2.asset using Guid(52bad37fa33a45644aa9bee63bd57ee3) Importer(815301076,1909f56bfc062723c751e8b465ee728b)  -> (artifact id: '76e735d213c245b615fcebe95f710e51') in 0.006344 seconds 
========================================================================
Received Import Request.
  Time since last request: 0.000015 seconds.
  path: Assets/States/TheDisc.asset
  artifactKey: Guid(732a26aad84f5724f9123119fab1d973) Importer(815301076,1909f56bfc062723c751e8b465ee728b)
Start importing Assets/States/TheDisc.asset using Guid(732a26aad84f5724f9123119fab1d973) Importer(815301076,1909f56bfc062723c751e8b465ee728b)  -> (artifact id: '78f362e236ec602a428afcc0fea9f8e9') in 0.004478 seconds 
========================================================================
Received Import Request.
  Time since last request: 0.000023 seconds.
  path: Assets/States/Rummage.asset
  artifactKey: Guid(0b675ca2536e90e42af86f96ac5d098b) Importer(815301076,1909f56bfc062723c751e8b465ee728b)
Start importing Assets/States/Rummage.asset using Guid(0b675ca2536e90e42af86f96ac5d098b) Importer(815301076,1909f56bfc062723c751e8b465ee728b)  -> (artifact id: '06bd6b0a97d4e48d162b50c73e883dfa') in 0.004436 seconds 
